<?xml version="1.0" encoding="UTF-8"?>
<testng-results skipped="0" failed="0" total="1" passed="1">
  <reporter-output>
  </reporter-output>
  <suite name="Example test run" duration-ms="43" started-at="2019-03-26T05:45:11Z" finished-at="2019-03-26T05:45:11Z">
    <groups>
    </groups>
    <test name="Simple Test" duration-ms="43" started-at="2019-03-26T05:45:11Z" finished-at="2019-03-26T05:45:11Z">
      <class name="pack1.NewTest">
        <test-method status="PASS" signature="f()[pri:0, instance:pack1.NewTest@270421f5]" name="f" duration-ms="23" started-at="2019-03-26T11:15:11Z" finished-at="2019-03-26T11:15:11Z">
          <reporter-output>
          </reporter-output>
        </test-method> <!-- f -->
      </class> <!-- pack1.NewTest -->
    </test> <!-- Simple Test -->
  </suite> <!-- Example test run -->
</testng-results>
